
*** Halting run - EA reset detected ***


*** Running vivado
    with args -log c_counter_binary_1.vds -m64 -product Vivado -mode batch -messageDb vivado.pb -notrace -source c_counter_binary_1.tcl


****** Vivado v2016.3 (64-bit)
  **** SW Build 1682563 on Mon Oct 10 19:07:27 MDT 2016
  **** IP Build 1681267 on Mon Oct 10 21:28:31 MDT 2016
    ** Copyright 1986-2016 Xilinx, Inc. All Rights Reserved.

source c_counter_binary_1.tcl -notrace
Starting RTL Elaboration : Time (s): cpu = 00:00:07 ; elapsed = 00:00:09 . Memory (MB): peak = 405.922 ; gain = 196.512
INFO: [Synth 8-638] synthesizing module 'c_counter_binary_1' [u:/Lab 9/Egg_timer/Egg_timer.srcs/sources_1/ip/c_counter_binary_1/synth/c_counter_binary_1.vhd:69]
INFO: [Synth 8-256] done synthesizing module 'c_counter_binary_1' (8#1) [u:/Lab 9/Egg_timer/Egg_timer.srcs/sources_1/ip/c_counter_binary_1/synth/c_counter_binary_1.vhd:69]
Finished RTL Elaboration : Time (s): cpu = 00:00:08 ; elapsed = 00:00:10 . Memory (MB): peak = 449.063 ; gain = 239.652
Finished RTL Optimization Phase 1 : Time (s): cpu = 00:00:08 ; elapsed = 00:00:10 . Memory (MB): peak = 449.063 ; gain = 239.652
INFO: [Device 21-403] Loading part xc7a100tcsg324-1
Constraint Validation Runtime : Time (s): cpu = 00:00:00 ; elapsed = 00:00:00.099 . Memory (MB): peak = 706.621 ; gain = 0.000
Finished Constraint Validation : Time (s): cpu = 00:00:13 ; elapsed = 00:00:21 . Memory (MB): peak = 706.621 ; gain = 497.211
Finished Loading Part and Timing Information : Time (s): cpu = 00:00:13 ; elapsed = 00:00:21 . Memory (MB): peak = 706.621 ; gain = 497.211
Finished applying 'set_property' XDC Constraints : Time (s): cpu = 00:00:13 ; elapsed = 00:00:21 . Memory (MB): peak = 706.621 ; gain = 497.211
Finished RTL Optimization Phase 2 : Time (s): cpu = 00:00:13 ; elapsed = 00:00:21 . Memory (MB): peak = 706.621 ; gain = 497.211
Finished Cross Boundary and Area Optimization : Time (s): cpu = 00:00:14 ; elapsed = 00:00:22 . Memory (MB): peak = 706.621 ; gain = 497.211
Finished Applying XDC Timing Constraints : Time (s): cpu = 00:00:19 ; elapsed = 00:00:27 . Memory (MB): peak = 706.621 ; gain = 497.211
Finished Timing Optimization : Time (s): cpu = 00:00:19 ; elapsed = 00:00:27 . Memory (MB): peak = 706.621 ; gain = 497.211
Finished Technology Mapping : Time (s): cpu = 00:00:19 ; elapsed = 00:00:28 . Memory (MB): peak = 722.004 ; gain = 512.594
Finished IO Insertion : Time (s): cpu = 00:00:20 ; elapsed = 00:00:28 . Memory (MB): peak = 722.004 ; gain = 512.594
Finished Renaming Generated Instances : Time (s): cpu = 00:00:20 ; elapsed = 00:00:28 . Memory (MB): peak = 722.004 ; gain = 512.594
Finished Rebuilding User Hierarchy : Time (s): cpu = 00:00:20 ; elapsed = 00:00:28 . Memory (MB): peak = 722.004 ; gain = 512.594
Finished Renaming Generated Ports : Time (s): cpu = 00:00:20 ; elapsed = 00:00:28 . Memory (MB): peak = 722.004 ; gain = 512.594
Finished Handling Custom Attributes : Time (s): cpu = 00:00:20 ; elapsed = 00:00:28 . Memory (MB): peak = 722.004 ; gain = 512.594
Finished Renaming Generated Nets : Time (s): cpu = 00:00:20 ; elapsed = 00:00:28 . Memory (MB): peak = 722.004 ; gain = 512.594

Report Cell Usage: 
+------+------+------+
|      |Cell  |Count |
+------+------+------+
|1     |LUT1  |     1|
|2     |LUT4  |     1|
|3     |LUT6  |     1|
|4     |MUXCY |     2|
|5     |XORCY |     3|
|6     |FDRE  |     4|
+------+------+------+
Finished Writing Synthesis Report : Time (s): cpu = 00:00:20 ; elapsed = 00:00:28 . Memory (MB): peak = 722.004 ; gain = 512.594
synth_design: Time (s): cpu = 00:00:17 ; elapsed = 00:00:23 . Memory (MB): peak = 738.332 ; gain = 409.824
