
*** Running vivado
    with args -log clk_wiz_0.vds -m64 -product Vivado -mode batch -messageDb vivado.pb -notrace -source clk_wiz_0.tcl


****** Vivado v2016.3 (64-bit)
  **** SW Build 1682563 on Mon Oct 10 19:07:27 MDT 2016
  **** IP Build 1681267 on Mon Oct 10 21:28:31 MDT 2016
    ** Copyright 1986-2016 Xilinx, Inc. All Rights Reserved.

source clk_wiz_0.tcl -notrace
Starting RTL Elaboration : Time (s): cpu = 00:00:06 ; elapsed = 00:00:09 . Memory (MB): peak = 360.668 ; gain = 150.535
INFO: [Synth 8-638] synthesizing module 'clk_wiz_0' [u:/Lab 9/Egg_timer/Egg_timer.srcs/sources_1/ip/clk_wiz_0/clk_wiz_0.v:70]
INFO: [Synth 8-638] synthesizing module 'clk_wiz_0_clk_wiz' [u:/Lab 9/Egg_timer/Egg_timer.srcs/sources_1/ip/clk_wiz_0/clk_wiz_0_clk_wiz.v:68]
INFO: [Synth 8-638] synthesizing module 'IBUF' [C:/Xilinx/Vivado/2016.3/scripts/rt/data/unisim_comp.v:14146]
INFO: [Synth 8-256] done synthesizing module 'IBUF' (1#1) [C:/Xilinx/Vivado/2016.3/scripts/rt/data/unisim_comp.v:14146]
INFO: [Synth 8-638] synthesizing module 'MMCME2_ADV' [C:/Xilinx/Vivado/2016.3/scripts/rt/data/unisim_comp.v:20414]
INFO: [Synth 8-256] done synthesizing module 'MMCME2_ADV' (2#1) [C:/Xilinx/Vivado/2016.3/scripts/rt/data/unisim_comp.v:20414]
INFO: [Synth 8-638] synthesizing module 'BUFG' [C:/Xilinx/Vivado/2016.3/scripts/rt/data/unisim_comp.v:607]
INFO: [Synth 8-256] done synthesizing module 'BUFG' (3#1) [C:/Xilinx/Vivado/2016.3/scripts/rt/data/unisim_comp.v:607]
INFO: [Synth 8-256] done synthesizing module 'clk_wiz_0_clk_wiz' (4#1) [u:/Lab 9/Egg_timer/Egg_timer.srcs/sources_1/ip/clk_wiz_0/clk_wiz_0_clk_wiz.v:68]
INFO: [Synth 8-256] done synthesizing module 'clk_wiz_0' (5#1) [u:/Lab 9/Egg_timer/Egg_timer.srcs/sources_1/ip/clk_wiz_0/clk_wiz_0.v:70]
Finished RTL Elaboration : Time (s): cpu = 00:00:06 ; elapsed = 00:00:10 . Memory (MB): peak = 398.043 ; gain = 187.910
Finished RTL Optimization Phase 1 : Time (s): cpu = 00:00:07 ; elapsed = 00:00:10 . Memory (MB): peak = 398.043 ; gain = 187.910
INFO: [Device 21-403] Loading part xc7a100tcsg324-1
Constraint Validation Runtime : Time (s): cpu = 00:00:00 ; elapsed = 00:00:00.100 . Memory (MB): peak = 621.176 ; gain = 0.000
Finished Constraint Validation : Time (s): cpu = 00:00:12 ; elapsed = 00:00:21 . Memory (MB): peak = 621.176 ; gain = 411.043
Finished Loading Part and Timing Information : Time (s): cpu = 00:00:12 ; elapsed = 00:00:21 . Memory (MB): peak = 621.176 ; gain = 411.043
Finished applying 'set_property' XDC Constraints : Time (s): cpu = 00:00:12 ; elapsed = 00:00:22 . Memory (MB): peak = 621.176 ; gain = 411.043
Finished RTL Optimization Phase 2 : Time (s): cpu = 00:00:12 ; elapsed = 00:00:22 . Memory (MB): peak = 621.176 ; gain = 411.043
Finished Cross Boundary and Area Optimization : Time (s): cpu = 00:00:13 ; elapsed = 00:00:22 . Memory (MB): peak = 621.176 ; gain = 411.043
Finished Applying XDC Timing Constraints : Time (s): cpu = 00:00:18 ; elapsed = 00:00:28 . Memory (MB): peak = 637.012 ; gain = 426.879
Finished Timing Optimization : Time (s): cpu = 00:00:18 ; elapsed = 00:00:28 . Memory (MB): peak = 637.012 ; gain = 426.879
Finished Technology Mapping : Time (s): cpu = 00:00:18 ; elapsed = 00:00:28 . Memory (MB): peak = 646.598 ; gain = 436.465
Finished IO Insertion : Time (s): cpu = 00:00:19 ; elapsed = 00:00:28 . Memory (MB): peak = 646.598 ; gain = 436.465
Finished Renaming Generated Instances : Time (s): cpu = 00:00:19 ; elapsed = 00:00:28 . Memory (MB): peak = 646.598 ; gain = 436.465
Finished Rebuilding User Hierarchy : Time (s): cpu = 00:00:19 ; elapsed = 00:00:28 . Memory (MB): peak = 646.598 ; gain = 436.465
Finished Renaming Generated Ports : Time (s): cpu = 00:00:19 ; elapsed = 00:00:28 . Memory (MB): peak = 646.598 ; gain = 436.465
Finished Handling Custom Attributes : Time (s): cpu = 00:00:19 ; elapsed = 00:00:28 . Memory (MB): peak = 646.598 ; gain = 436.465
Finished Renaming Generated Nets : Time (s): cpu = 00:00:19 ; elapsed = 00:00:28 . Memory (MB): peak = 646.598 ; gain = 436.465

Report Cell Usage: 
+------+-----------+------+
|      |Cell       |Count |
+------+-----------+------+
|1     |BUFG       |     2|
|2     |MMCME2_ADV |     1|
|3     |IBUF       |     1|
+------+-----------+------+
Finished Writing Synthesis Report : Time (s): cpu = 00:00:19 ; elapsed = 00:00:28 . Memory (MB): peak = 646.598 ; gain = 436.465
synth_design: Time (s): cpu = 00:00:17 ; elapsed = 00:00:26 . Memory (MB): peak = 1027.793 ; gain = 745.695
