Exception at PC 0x00007FFDAE36BB93
Printing stacktrace...

Exception at PC 0x00007FFE463BCF19
Exception at PC 0x00007FFE463BCF19
Exception at PC 0x00007FFE463BCF19
Exception at PC 0x00007FFE463BCF19
Exception at PC 0x00007FFE463BCF19
Exception at PC 0x00007FFE463BCF19
Exception at PC 0x00007FFE463BCF19
Exception at PC 0x00007FFE463BCF19
Exception at PC 0x00007FFE463BCF19
Exception at PC 0x00007FFE463BCF19
Exception at PC 0x00007FFE463BCF19
Exception at PC 0x00007FFE463BCF19
Exception at PC 0x00007FFE463BCF19
Exception at PC 0x00007FFE463BCF19
Exception at PC 0x00007FFE463BCF19
Exception at PC 0x00007FFE463BCF19
Exception at PC 0x00007FFE463BCF19
Exception at PC 0x00007FFE463BCF19
[0]  [0x00007FFDAE36BB93]
[1]  [0x00007FFDAE36BB93]
[2]  [0x00007FFDAE36B4A1]
[3]  [0x00007FFDAE36B3EF]
[4]  [0x00007FFDAE3519FE]
[5]  [0x00007FFDAE350ED1]
[6]  [0x00007FFDAE350D76]
[7]  [0x00007FFDAE2F79F6]
[8]  [0x00007FFDAE2E7AFB]
[9]  [0x00007FFDAE40E90A]
[10]  [0x00007FFDAE429F87]
[11]  [0x00007FFDAE42A05F]
[12] (BaseThreadInitThunk+0x14) [0x00007FFE47AD7344]
[13] (RtlUserThreadStart+0x21) [0x00007FFE48C626B1]
Done
