
*** Halting run - EA reset detected ***


*** Running vivado
    with args -log c_counter_binary_0.vds -m64 -product Vivado -mode batch -messageDb vivado.pb -notrace -source c_counter_binary_0.tcl


****** Vivado v2016.3 (64-bit)
  **** SW Build 1682563 on Mon Oct 10 19:07:27 MDT 2016
  **** IP Build 1681267 on Mon Oct 10 21:28:31 MDT 2016
    ** Copyright 1986-2016 Xilinx, Inc. All Rights Reserved.

source c_counter_binary_0.tcl -notrace
Starting RTL Elaboration : Time (s): cpu = 00:00:06 ; elapsed = 00:00:11 . Memory (MB): peak = 360.141 ; gain = 149.945
INFO: [Synth 8-638] synthesizing module 'c_counter_binary_0' [u:/Lab 9/Egg_timer/Egg_timer.srcs/sources_1/ip/c_counter_binary_0/synth/c_counter_binary_0.vhd:69]
INFO: [Synth 8-256] done synthesizing module 'c_counter_binary_0' (8#1) [u:/Lab 9/Egg_timer/Egg_timer.srcs/sources_1/ip/c_counter_binary_0/synth/c_counter_binary_0.vhd:69]
Finished RTL Elaboration : Time (s): cpu = 00:00:07 ; elapsed = 00:00:12 . Memory (MB): peak = 403.395 ; gain = 193.199
Finished RTL Optimization Phase 1 : Time (s): cpu = 00:00:07 ; elapsed = 00:00:13 . Memory (MB): peak = 403.395 ; gain = 193.199
INFO: [Device 21-403] Loading part xc7a100tcsg324-1
Constraint Validation Runtime : Time (s): cpu = 00:00:00 ; elapsed = 00:00:00.091 . Memory (MB): peak = 666.727 ; gain = 0.000
Finished Constraint Validation : Time (s): cpu = 00:00:13 ; elapsed = 00:00:24 . Memory (MB): peak = 666.727 ; gain = 456.531
Finished Loading Part and Timing Information : Time (s): cpu = 00:00:13 ; elapsed = 00:00:24 . Memory (MB): peak = 666.727 ; gain = 456.531
Finished applying 'set_property' XDC Constraints : Time (s): cpu = 00:00:13 ; elapsed = 00:00:24 . Memory (MB): peak = 666.727 ; gain = 456.531
Finished RTL Optimization Phase 2 : Time (s): cpu = 00:00:13 ; elapsed = 00:00:24 . Memory (MB): peak = 666.727 ; gain = 456.531
Finished Cross Boundary and Area Optimization : Time (s): cpu = 00:00:13 ; elapsed = 00:00:24 . Memory (MB): peak = 666.727 ; gain = 456.531
Finished Applying XDC Timing Constraints : Time (s): cpu = 00:00:20 ; elapsed = 00:00:31 . Memory (MB): peak = 666.727 ; gain = 456.531
Finished Timing Optimization : Time (s): cpu = 00:00:20 ; elapsed = 00:00:31 . Memory (MB): peak = 666.727 ; gain = 456.531
Finished Technology Mapping : Time (s): cpu = 00:00:20 ; elapsed = 00:00:31 . Memory (MB): peak = 675.648 ; gain = 465.453
Finished IO Insertion : Time (s): cpu = 00:00:20 ; elapsed = 00:00:31 . Memory (MB): peak = 675.648 ; gain = 465.453
Finished Renaming Generated Instances : Time (s): cpu = 00:00:20 ; elapsed = 00:00:31 . Memory (MB): peak = 675.648 ; gain = 465.453
Finished Rebuilding User Hierarchy : Time (s): cpu = 00:00:20 ; elapsed = 00:00:31 . Memory (MB): peak = 675.648 ; gain = 465.453
Finished Renaming Generated Ports : Time (s): cpu = 00:00:20 ; elapsed = 00:00:31 . Memory (MB): peak = 675.648 ; gain = 465.453
Finished Handling Custom Attributes : Time (s): cpu = 00:00:20 ; elapsed = 00:00:31 . Memory (MB): peak = 675.648 ; gain = 465.453
Finished Renaming Generated Nets : Time (s): cpu = 00:00:20 ; elapsed = 00:00:31 . Memory (MB): peak = 675.648 ; gain = 465.453

Report Cell Usage: 
+------+------+------+
|      |Cell  |Count |
+------+------+------+
|1     |LUT1  |     1|
|2     |LUT2  |     1|
|3     |LUT4  |     1|
|4     |LUT6  |     1|
|5     |MUXCY |     3|
|6     |XORCY |     4|
|7     |FDRE  |     5|
+------+------+------+
Finished Writing Synthesis Report : Time (s): cpu = 00:00:20 ; elapsed = 00:00:31 . Memory (MB): peak = 675.648 ; gain = 465.453
synth_design: Time (s): cpu = 00:00:18 ; elapsed = 00:00:25 . Memory (MB): peak = 693.129 ; gain = 411.113
